<?xml version="1.0" encoding="UTF-8"?>
<!-- Generated by org.testng.reporters.JUnitReportReporter -->
<testsuite hostname="LAPTOP-H4LRF88C" failures="0" tests="1" name="testcases.VerifyCountry" time="17.564" errors="0" timestamp="2022-10-19T06:50:26 IST" skipped="0">
  <testcase classname="testcases.VerifyCountry" name="verifyCountry" time="17.564"/>
  <system-out/>
</testsuite> <!-- testcases.VerifyCountry -->
