<?xml version="1.0" encoding="UTF-8"?>
<!-- Generated by org.testng.reporters.JUnitReportReporter -->
<testsuite hostname="LAPTOP-H4LRF88C" failures="0" tests="1" name="baseclass.Wiki" time="3.094" errors="0" timestamp="2022-10-19T05:47:36 IST" skipped="0">
  <testcase classname="baseclass.Wiki" name="extractCountryforWiki" time="3.094"/>
  <system-out/>
</testsuite> <!-- baseclass.Wiki -->
