<?xml version="1.0" encoding="UTF-8"?>
<!-- Generated by org.testng.reporters.JUnitReportReporter -->
<testsuite hostname="LAPTOP-H4LRF88C" failures="0" tests="2" name="testcases.VerifyExtractedData" time="33.171" errors="0" timestamp="2022-10-19T10:41:59 IST" skipped="0">
  <testcase classname="testcases.VerifyExtractedData" name="verifyCountry" time="20.936"/>
  <system-out/>
  <testcase classname="testcases.VerifyExtractedData" name="verifyRelease" time="12.235"/>
  <system-out/>
</testsuite> <!-- testcases.VerifyExtractedData -->
