<?xml version="1.0" encoding="UTF-8"?>
<!-- Generated by org.testng.reporters.JUnitReportReporter -->
<testsuite hostname="LAPTOP-H4LRF88C" failures="0" tests="2" name="baseclass.Imdb" time="6.961" errors="0" timestamp="2022-10-18T20:28:21 IST" skipped="0">
  <testcase classname="baseclass.Imdb" name="extractReleaseDateforImdb" time="0.020"/>
  <system-out/>
  <testcase classname="baseclass.Imdb" name="extractCountryforImdb" time="6.941"/>
  <system-out/>
</testsuite> <!-- baseclass.Imdb -->
